<?xml version="1.0" encoding="UTF-8"?>
<!-- Generated by org.testng.reporters.JUnitReportReporter -->
<testsuite hostname="HP-PC" name="testcases.VerifyHomePage" tests="1" failures="0" timestamp="27 Aug 2017 12:22:04 GMT" time="13.506" errors="0">
  <testcase name="testHomePage" time="13.506" classname="testcases.VerifyHomePage"/>
</testsuite> <!-- testcases.VerifyHomePage -->
