<?xml version="1.0" encoding="UTF-8"?>
<!-- Generated by org.testng.reporters.JUnitReportReporter -->
<testsuite hostname="HP-PC" name="testcases.VerifyLoginPage" tests="1" failures="0" timestamp="27 Aug 2017 14:07:55 GMT" time="28.551" errors="0">
  <testcase name="testLoginPage" time="28.551" classname="testcases.VerifyLoginPage"/>
</testsuite> <!-- testcases.VerifyLoginPage -->
